<?xml version="1.0" encoding="UTF-8"?>
<!-- Generated by org.testng.reporters.JUnitXMLReporter -->
<testsuite ignored="2" hostname="IB-SEZ-LAP-984" failures="0" tests="2" name="Smoke_Test" time="16.542" errors="0" timestamp="2022-02-23T14:24:38 IST">
  <testcase classname="com.evo.testcases.LoginPageTest" name="verifyENpage" time="0.994"/>
  <testcase classname="com.evo.testcases.LoginPageTest" name="verifyLogin" time="7.63"/>
  <testcase classname="com.evo.testcases.LoginPageTest" name="verifyARpage" time="0.0">
    <ignored/>
  </testcase> <!-- verifyARpage -->
  <testcase classname="com.evo.testcases.LoginPageTest" name="verifyFRpage" time="0.0">
    <ignored/>
  </testcase> <!-- verifyFRpage -->
</testsuite> <!-- Smoke_Test -->
