<?xml version="1.0" encoding="UTF-8"?>
<!-- Generated by org.testng.reporters.JUnitXMLReporter -->
<testsuite ignored="0" hostname="IB-SEZ-LAP-984" failures="0" tests="4" name="Default test" time="23.64" errors="0" timestamp="2022-02-17T11:00:24 IST">
  <testcase classname="com.evo.testcases.LoginPageTest" name="verifyENpage" time="1.032"/>
  <testcase classname="com.evo.testcases.LoginPageTest" name="verifyARpage" time="6.673"/>
  <testcase classname="com.evo.testcases.LoginPageTest" name="verifyFRpage" time="2.977"/>
  <testcase classname="com.evo.testcases.LoginPageTest" name="loginCheck" time="6.772"/>
</testsuite> <!-- Default test -->
