<?xml version="1.0" encoding="UTF-8"?>
<!-- Generated by org.testng.reporters.JUnitXMLReporter -->
<testsuite ignored="0" hostname="IB-SEZ-LAP-984" failures="0" tests="4" name="Regression_Test" time="51.536" errors="0" timestamp="2022-02-22T17:02:30 IST">
  <testcase classname="com.evo.testcases.LoginPageTest" name="verifyARpage" time="2.322"/>
  <testcase classname="com.evo.testcases.LoginPageTest" name="verifyENpage" time="1.955"/>
  <testcase classname="com.evo.testcases.LoginPageTest" name="verifyFRpage" time="2.18"/>
  <testcase classname="com.evo.testcases.LoginPageTest" name="verifyLogin" time="27.846"/>
</testsuite> <!-- Regression_Test -->
