<?xml version="1.0" encoding="UTF-8"?>
<testng-results ignored="4" total="14" passed="10" failed="0" skipped="0">
  <reporter-output>
  </reporter-output>
  <suite started-at="2022-02-25T15:09:47 IST" name="Suite" finished-at="2022-02-25T15:12:11 IST" duration-ms="143675">
    <groups>
      <group name="Regression">
        <method signature="DashboardPageTest.clickWidgetviewTest()[pri:1, instance:com.evo.testcases.DashboardPageTest@4d910fd6]" name="clickWidgetviewTest" class="com.evo.testcases.DashboardPageTest"/>
        <method signature="DashboardPageTest.verfyFirstWidgetTest()[pri:2, instance:com.evo.testcases.DashboardPageTest@4d910fd6]" name="verfyFirstWidgetTest" class="com.evo.testcases.DashboardPageTest"/>
        <method signature="DashboardPageTest.verifyFifthWidgetTest()[pri:6, instance:com.evo.testcases.DashboardPageTest@4d910fd6]" name="verifyFifthWidgetTest" class="com.evo.testcases.DashboardPageTest"/>
        <method signature="DashboardPageTest.verifyFourthWidgetTest()[pri:5, instance:com.evo.testcases.DashboardPageTest@4d910fd6]" name="verifyFourthWidgetTest" class="com.evo.testcases.DashboardPageTest"/>
        <method signature="DashboardPageTest.verifySecondWidgetTest()[pri:3, instance:com.evo.testcases.DashboardPageTest@4d910fd6]" name="verifySecondWidgetTest" class="com.evo.testcases.DashboardPageTest"/>
        <method signature="DashboardPageTest.verifyThirdWidgetTest()[pri:4, instance:com.evo.testcases.DashboardPageTest@4d910fd6]" name="verifyThirdWidgetTest" class="com.evo.testcases.DashboardPageTest"/>
        <method signature="LoginPageTest.verifyARpage()[pri:2, instance:com.evo.testcases.LoginPageTest@140c9f39]" name="verifyARpage" class="com.evo.testcases.LoginPageTest"/>
        <method signature="LoginPageTest.verifyENpage()[pri:1, instance:com.evo.testcases.LoginPageTest@140c9f39]" name="verifyENpage" class="com.evo.testcases.LoginPageTest"/>
        <method signature="LoginPageTest.verifyFRpage()[pri:3, instance:com.evo.testcases.LoginPageTest@140c9f39]" name="verifyFRpage" class="com.evo.testcases.LoginPageTest"/>
        <method signature="LoginPageTest.verifyLogin()[pri:4, instance:com.evo.testcases.LoginPageTest@140c9f39]" name="verifyLogin" class="com.evo.testcases.LoginPageTest"/>
      </group> <!-- Regression -->
      <group name="Smoke">
        <method signature="DashboardPageTest.clickWidgetviewTest()[pri:1, instance:com.evo.testcases.DashboardPageTest@4d910fd6]" name="clickWidgetviewTest" class="com.evo.testcases.DashboardPageTest"/>
        <method signature="DashboardPageTest.verfyFirstWidgetTest()[pri:2, instance:com.evo.testcases.DashboardPageTest@4d910fd6]" name="verfyFirstWidgetTest" class="com.evo.testcases.DashboardPageTest"/>
        <method signature="DashboardPageTest.verifyFifthWidgetTest()[pri:6, instance:com.evo.testcases.DashboardPageTest@4d910fd6]" name="verifyFifthWidgetTest" class="com.evo.testcases.DashboardPageTest"/>
        <method signature="DashboardPageTest.verifyFourthWidgetTest()[pri:5, instance:com.evo.testcases.DashboardPageTest@4d910fd6]" name="verifyFourthWidgetTest" class="com.evo.testcases.DashboardPageTest"/>
        <method signature="DashboardPageTest.verifySecondWidgetTest()[pri:3, instance:com.evo.testcases.DashboardPageTest@4d910fd6]" name="verifySecondWidgetTest" class="com.evo.testcases.DashboardPageTest"/>
        <method signature="DashboardPageTest.verifyThirdWidgetTest()[pri:4, instance:com.evo.testcases.DashboardPageTest@4d910fd6]" name="verifyThirdWidgetTest" class="com.evo.testcases.DashboardPageTest"/>
        <method signature="LoginPageTest.verifyENpage()[pri:1, instance:com.evo.testcases.LoginPageTest@140c9f39]" name="verifyENpage" class="com.evo.testcases.LoginPageTest"/>
        <method signature="LoginPageTest.verifyLogin()[pri:4, instance:com.evo.testcases.LoginPageTest@140c9f39]" name="verifyLogin" class="com.evo.testcases.LoginPageTest"/>
      </group> <!-- Smoke -->
    </groups>
    <test started-at="2022-02-25T15:09:47 IST" name="Normal_Test" finished-at="2022-02-25T15:12:11 IST" duration-ms="143675">
      <class name="com.evo.testcases.LoginPageTest">
        <test-method is-config="true" signature="loadconfig()[pri:0, instance:com.evo.testcases.LoginPageTest@140c9f39]" started-at="2022-02-25T15:09:47 IST" name="loadconfig" finished-at="2022-02-25T15:09:47 IST" duration-ms="10" status="PASS">
          <reporter-output>
          </reporter-output>
        </test-method> <!-- loadconfig -->
        <test-method is-config="true" signature="logs()[pri:0, instance:com.evo.testcases.LoginPageTest@140c9f39]" started-at="2022-02-25T15:09:47 IST" name="logs" finished-at="2022-02-25T15:09:47 IST" duration-ms="131" status="PASS">
          <reporter-output>
          </reporter-output>
        </test-method> <!-- logs -->
        <test-method is-config="true" signature="reporting()[pri:0, instance:com.evo.testcases.LoginPageTest@140c9f39]" started-at="2022-02-25T15:09:47 IST" name="reporting" finished-at="2022-02-25T15:09:47 IST" duration-ms="156" status="PASS">
          <reporter-output>
          </reporter-output>
        </test-method> <!-- reporting -->
        <test-method is-config="true" signature="launchBrowser(java.lang.String)[pri:0, instance:com.evo.testcases.LoginPageTest@140c9f39]" started-at="2022-02-25T15:09:47 IST" name="launchBrowser" finished-at="2022-02-25T15:09:59 IST" duration-ms="11280" status="PASS">
          <params>
            <param index="0">
              <value>
                <![CDATA[edge]]>
              </value>
            </param>
          </params>
          <reporter-output>
          </reporter-output>
        </test-method> <!-- launchBrowser -->
        <test-method signature="verifyENpage()[pri:1, instance:com.evo.testcases.LoginPageTest@140c9f39]" started-at="2022-02-25T15:09:59 IST" name="verifyENpage" finished-at="2022-02-25T15:10:01 IST" duration-ms="2100" status="PASS">
          <reporter-output>
          </reporter-output>
        </test-method> <!-- verifyENpage -->
        <test-method is-config="true" signature="teardown()[pri:0, instance:com.evo.testcases.LoginPageTest@140c9f39]" started-at="2022-02-25T15:10:01 IST" name="teardown" finished-at="2022-02-25T15:10:01 IST" duration-ms="299" status="PASS">
          <reporter-output>
          </reporter-output>
        </test-method> <!-- teardown -->
        <test-method is-config="true" signature="launchBrowser(java.lang.String)[pri:0, instance:com.evo.testcases.LoginPageTest@140c9f39]" started-at="2022-02-25T15:10:01 IST" name="launchBrowser" finished-at="2022-02-25T15:10:06 IST" duration-ms="4389" status="PASS">
          <params>
            <param index="0">
              <value>
                <![CDATA[edge]]>
              </value>
            </param>
          </params>
          <reporter-output>
          </reporter-output>
        </test-method> <!-- launchBrowser -->
        <test-method signature="verifyARpage()[pri:2, instance:com.evo.testcases.LoginPageTest@140c9f39]" started-at="2022-02-25T15:10:06 IST" name="verifyARpage" finished-at="2022-02-25T15:10:08 IST" duration-ms="2276" status="PASS">
          <reporter-output>
          </reporter-output>
        </test-method> <!-- verifyARpage -->
        <test-method is-config="true" signature="teardown()[pri:0, instance:com.evo.testcases.LoginPageTest@140c9f39]" started-at="2022-02-25T15:10:08 IST" name="teardown" finished-at="2022-02-25T15:10:08 IST" duration-ms="250" status="PASS">
          <reporter-output>
          </reporter-output>
        </test-method> <!-- teardown -->
        <test-method is-config="true" signature="launchBrowser(java.lang.String)[pri:0, instance:com.evo.testcases.LoginPageTest@140c9f39]" started-at="2022-02-25T15:10:08 IST" name="launchBrowser" finished-at="2022-02-25T15:10:12 IST" duration-ms="4041" status="PASS">
          <params>
            <param index="0">
              <value>
                <![CDATA[edge]]>
              </value>
            </param>
          </params>
          <reporter-output>
          </reporter-output>
        </test-method> <!-- launchBrowser -->
        <test-method signature="verifyFRpage()[pri:3, instance:com.evo.testcases.LoginPageTest@140c9f39]" started-at="2022-02-25T15:10:12 IST" name="verifyFRpage" finished-at="2022-02-25T15:10:18 IST" duration-ms="5945" status="PASS">
          <reporter-output>
          </reporter-output>
        </test-method> <!-- verifyFRpage -->
        <test-method is-config="true" signature="teardown()[pri:0, instance:com.evo.testcases.LoginPageTest@140c9f39]" started-at="2022-02-25T15:10:18 IST" name="teardown" finished-at="2022-02-25T15:10:18 IST" duration-ms="333" status="PASS">
          <reporter-output>
          </reporter-output>
        </test-method> <!-- teardown -->
        <test-method is-config="true" signature="launchBrowser(java.lang.String)[pri:0, instance:com.evo.testcases.LoginPageTest@140c9f39]" started-at="2022-02-25T15:10:18 IST" name="launchBrowser" finished-at="2022-02-25T15:10:27 IST" duration-ms="8430" status="PASS">
          <params>
            <param index="0">
              <value>
                <![CDATA[edge]]>
              </value>
            </param>
          </params>
          <reporter-output>
          </reporter-output>
        </test-method> <!-- launchBrowser -->
        <test-method signature="verifyLogin()[pri:4, instance:com.evo.testcases.LoginPageTest@140c9f39]" started-at="2022-02-25T15:10:27 IST" name="verifyLogin" finished-at="2022-02-25T15:10:34 IST" duration-ms="7009" status="PASS">
          <reporter-output>
          </reporter-output>
        </test-method> <!-- verifyLogin -->
        <test-method is-config="true" signature="teardown()[pri:0, instance:com.evo.testcases.LoginPageTest@140c9f39]" started-at="2022-02-25T15:10:34 IST" name="teardown" finished-at="2022-02-25T15:10:34 IST" duration-ms="245" status="PASS">
          <reporter-output>
          </reporter-output>
        </test-method> <!-- teardown -->
        <test-method is-config="true" signature="reportingend()[pri:0, instance:com.evo.testcases.LoginPageTest@140c9f39]" started-at="2022-02-25T15:12:11 IST" name="reportingend" finished-at="2022-02-25T15:12:12 IST" duration-ms="353" status="PASS">
          <reporter-output>
          </reporter-output>
        </test-method> <!-- reportingend -->
      </class> <!-- com.evo.testcases.LoginPageTest -->
      <class name="com.evo.testcases.DashboardPageTest">
        <test-method is-config="true" signature="launchBrowser(java.lang.String)[pri:0, instance:com.evo.testcases.DashboardPageTest@4d910fd6]" started-at="2022-02-25T15:10:34 IST" name="launchBrowser" finished-at="2022-02-25T15:10:46 IST" duration-ms="11975" status="PASS">
          <params>
            <param index="0">
              <value>
                <![CDATA[edge]]>
              </value>
            </param>
          </params>
          <reporter-output>
          </reporter-output>
        </test-method> <!-- launchBrowser -->
        <test-method signature="clickWidgetviewTest()[pri:1, instance:com.evo.testcases.DashboardPageTest@4d910fd6]" started-at="2022-02-25T15:10:46 IST" name="clickWidgetviewTest" finished-at="2022-02-25T15:10:51 IST" duration-ms="4765" status="PASS">
          <reporter-output>
          </reporter-output>
        </test-method> <!-- clickWidgetviewTest -->
        <test-method is-config="true" signature="teardown()[pri:0, instance:com.evo.testcases.DashboardPageTest@4d910fd6]" started-at="2022-02-25T15:10:51 IST" name="teardown" finished-at="2022-02-25T15:10:51 IST" duration-ms="420" status="PASS">
          <reporter-output>
          </reporter-output>
        </test-method> <!-- teardown -->
        <test-method is-config="true" signature="launchBrowser(java.lang.String)[pri:0, instance:com.evo.testcases.DashboardPageTest@4d910fd6]" started-at="2022-02-25T15:10:51 IST" name="launchBrowser" finished-at="2022-02-25T15:11:04 IST" duration-ms="12813" status="PASS">
          <params>
            <param index="0">
              <value>
                <![CDATA[edge]]>
              </value>
            </param>
          </params>
          <reporter-output>
          </reporter-output>
        </test-method> <!-- launchBrowser -->
        <test-method signature="verfyFirstWidgetTest()[pri:2, instance:com.evo.testcases.DashboardPageTest@4d910fd6]" started-at="2022-02-25T15:11:04 IST" name="verfyFirstWidgetTest" finished-at="2022-02-25T15:11:06 IST" duration-ms="2337" status="PASS">
          <reporter-output>
          </reporter-output>
        </test-method> <!-- verfyFirstWidgetTest -->
        <test-method is-config="true" signature="teardown()[pri:0, instance:com.evo.testcases.DashboardPageTest@4d910fd6]" started-at="2022-02-25T15:11:06 IST" name="teardown" finished-at="2022-02-25T15:11:07 IST" duration-ms="651" status="PASS">
          <reporter-output>
          </reporter-output>
        </test-method> <!-- teardown -->
        <test-method is-config="true" signature="launchBrowser(java.lang.String)[pri:0, instance:com.evo.testcases.DashboardPageTest@4d910fd6]" started-at="2022-02-25T15:11:07 IST" name="launchBrowser" finished-at="2022-02-25T15:11:18 IST" duration-ms="11426" status="PASS">
          <params>
            <param index="0">
              <value>
                <![CDATA[edge]]>
              </value>
            </param>
          </params>
          <reporter-output>
          </reporter-output>
        </test-method> <!-- launchBrowser -->
        <test-method signature="verifySecondWidgetTest()[pri:3, instance:com.evo.testcases.DashboardPageTest@4d910fd6]" started-at="2022-02-25T15:11:18 IST" name="verifySecondWidgetTest" finished-at="2022-02-25T15:11:22 IST" duration-ms="3303" status="PASS">
          <reporter-output>
          </reporter-output>
        </test-method> <!-- verifySecondWidgetTest -->
        <test-method is-config="true" signature="teardown()[pri:0, instance:com.evo.testcases.DashboardPageTest@4d910fd6]" started-at="2022-02-25T15:11:22 IST" name="teardown" finished-at="2022-02-25T15:11:22 IST" duration-ms="431" status="PASS">
          <reporter-output>
          </reporter-output>
        </test-method> <!-- teardown -->
        <test-method is-config="true" signature="launchBrowser(java.lang.String)[pri:0, instance:com.evo.testcases.DashboardPageTest@4d910fd6]" started-at="2022-02-25T15:11:22 IST" name="launchBrowser" finished-at="2022-02-25T15:11:34 IST" duration-ms="11654" status="PASS">
          <params>
            <param index="0">
              <value>
                <![CDATA[edge]]>
              </value>
            </param>
          </params>
          <reporter-output>
          </reporter-output>
        </test-method> <!-- launchBrowser -->
        <test-method signature="verifyThirdWidgetTest()[pri:4, instance:com.evo.testcases.DashboardPageTest@4d910fd6]" started-at="2022-02-25T15:11:34 IST" name="verifyThirdWidgetTest" finished-at="2022-02-25T15:11:39 IST" duration-ms="5249" status="PASS">
          <reporter-output>
          </reporter-output>
        </test-method> <!-- verifyThirdWidgetTest -->
        <test-method is-config="true" signature="teardown()[pri:0, instance:com.evo.testcases.DashboardPageTest@4d910fd6]" started-at="2022-02-25T15:11:39 IST" name="teardown" finished-at="2022-02-25T15:11:40 IST" duration-ms="460" status="PASS">
          <reporter-output>
          </reporter-output>
        </test-method> <!-- teardown -->
        <test-method is-config="true" signature="launchBrowser(java.lang.String)[pri:0, instance:com.evo.testcases.DashboardPageTest@4d910fd6]" started-at="2022-02-25T15:11:40 IST" name="launchBrowser" finished-at="2022-02-25T15:11:52 IST" duration-ms="12267" status="PASS">
          <params>
            <param index="0">
              <value>
                <![CDATA[edge]]>
              </value>
            </param>
          </params>
          <reporter-output>
          </reporter-output>
        </test-method> <!-- launchBrowser -->
        <test-method signature="verifyFourthWidgetTest()[pri:5, instance:com.evo.testcases.DashboardPageTest@4d910fd6]" started-at="2022-02-25T15:11:52 IST" name="verifyFourthWidgetTest" finished-at="2022-02-25T15:11:54 IST" duration-ms="2486" status="PASS">
          <reporter-output>
          </reporter-output>
        </test-method> <!-- verifyFourthWidgetTest -->
        <test-method is-config="true" signature="teardown()[pri:0, instance:com.evo.testcases.DashboardPageTest@4d910fd6]" started-at="2022-02-25T15:11:54 IST" name="teardown" finished-at="2022-02-25T15:11:55 IST" duration-ms="626" status="PASS">
          <reporter-output>
          </reporter-output>
        </test-method> <!-- teardown -->
        <test-method is-config="true" signature="launchBrowser(java.lang.String)[pri:0, instance:com.evo.testcases.DashboardPageTest@4d910fd6]" started-at="2022-02-25T15:11:55 IST" name="launchBrowser" finished-at="2022-02-25T15:12:08 IST" duration-ms="13183" status="PASS">
          <params>
            <param index="0">
              <value>
                <![CDATA[edge]]>
              </value>
            </param>
          </params>
          <reporter-output>
          </reporter-output>
        </test-method> <!-- launchBrowser -->
        <test-method signature="verifyFifthWidgetTest()[pri:6, instance:com.evo.testcases.DashboardPageTest@4d910fd6]" started-at="2022-02-25T15:12:08 IST" name="verifyFifthWidgetTest" finished-at="2022-02-25T15:12:11 IST" duration-ms="2585" status="PASS">
          <reporter-output>
          </reporter-output>
        </test-method> <!-- verifyFifthWidgetTest -->
        <test-method is-config="true" signature="teardown()[pri:0, instance:com.evo.testcases.DashboardPageTest@4d910fd6]" started-at="2022-02-25T15:12:11 IST" name="teardown" finished-at="2022-02-25T15:12:11 IST" duration-ms="360" status="PASS">
          <reporter-output>
          </reporter-output>
        </test-method> <!-- teardown -->
      </class> <!-- com.evo.testcases.DashboardPageTest -->
    </test> <!-- Normal_Test -->
  </suite> <!-- Suite -->
</testng-results>
