<?xml version="1.0" encoding="UTF-8"?>
<testng-results ignored="0" total="4" passed="4" failed="0" skipped="0">
  <reporter-output>
  </reporter-output>
  <suite started-at="2022-02-17T19:40:41 IST" name="Suite" finished-at="2022-02-17T19:41:13 IST" duration-ms="31964">
    <groups>
    </groups>
    <test started-at="2022-02-17T19:40:41 IST" name="Normal_Test" finished-at="2022-02-17T19:41:13 IST" duration-ms="31964">
      <class name="com.evo.testcases.LoginPageTest">
        <test-method is-config="true" signature="reporting()[pri:0, instance:com.evo.testcases.LoginPageTest@26275bef]" started-at="2022-02-17T19:40:41 IST" name="reporting" finished-at="2022-02-17T19:40:41 IST" duration-ms="279" status="PASS">
          <reporter-output>
          </reporter-output>
        </test-method> <!-- reporting -->
        <test-method is-config="true" signature="loadconfig()[pri:0, instance:com.evo.testcases.LoginPageTest@26275bef]" started-at="2022-02-17T19:40:41 IST" name="loadconfig" finished-at="2022-02-17T19:40:41 IST" duration-ms="1" status="PASS">
          <reporter-output>
          </reporter-output>
        </test-method> <!-- loadconfig -->
        <test-method is-config="true" signature="launchBrowser(java.lang.String)[pri:0, instance:com.evo.testcases.LoginPageTest@26275bef]" started-at="2022-02-17T19:40:41 IST" name="launchBrowser" finished-at="2022-02-17T19:40:46 IST" duration-ms="4617" status="PASS">
          <params>
            <param index="0">
              <value>
                <![CDATA[chrome]]>
              </value>
            </param>
          </params>
          <reporter-output>
          </reporter-output>
        </test-method> <!-- launchBrowser -->
        <test-method signature="verifyENpage()[pri:1, instance:com.evo.testcases.LoginPageTest@26275bef]" started-at="2022-02-17T19:40:46 IST" name="verifyENpage" finished-at="2022-02-17T19:40:47 IST" duration-ms="1090" status="PASS">
          <reporter-output>
          </reporter-output>
        </test-method> <!-- verifyENpage -->
        <test-method is-config="true" signature="teardown()[pri:0, instance:com.evo.testcases.LoginPageTest@26275bef]" started-at="2022-02-17T19:40:47 IST" name="teardown" finished-at="2022-02-17T19:40:47 IST" duration-ms="198" status="PASS">
          <reporter-output>
          </reporter-output>
        </test-method> <!-- teardown -->
        <test-method is-config="true" signature="launchBrowser(java.lang.String)[pri:0, instance:com.evo.testcases.LoginPageTest@26275bef]" started-at="2022-02-17T19:40:47 IST" name="launchBrowser" finished-at="2022-02-17T19:40:52 IST" duration-ms="4524" status="PASS">
          <params>
            <param index="0">
              <value>
                <![CDATA[chrome]]>
              </value>
            </param>
          </params>
          <reporter-output>
          </reporter-output>
        </test-method> <!-- launchBrowser -->
        <test-method signature="verifyARpage()[pri:2, instance:com.evo.testcases.LoginPageTest@26275bef]" started-at="2022-02-17T19:40:52 IST" name="verifyARpage" finished-at="2022-02-17T19:40:55 IST" duration-ms="3285" status="PASS">
          <reporter-output>
          </reporter-output>
        </test-method> <!-- verifyARpage -->
        <test-method is-config="true" signature="teardown()[pri:0, instance:com.evo.testcases.LoginPageTest@26275bef]" started-at="2022-02-17T19:40:55 IST" name="teardown" finished-at="2022-02-17T19:40:55 IST" duration-ms="181" status="PASS">
          <reporter-output>
          </reporter-output>
        </test-method> <!-- teardown -->
        <test-method is-config="true" signature="launchBrowser(java.lang.String)[pri:0, instance:com.evo.testcases.LoginPageTest@26275bef]" started-at="2022-02-17T19:40:55 IST" name="launchBrowser" finished-at="2022-02-17T19:40:59 IST" duration-ms="4332" status="PASS">
          <params>
            <param index="0">
              <value>
                <![CDATA[chrome]]>
              </value>
            </param>
          </params>
          <reporter-output>
          </reporter-output>
        </test-method> <!-- launchBrowser -->
        <test-method signature="verifyFRpage()[pri:3, instance:com.evo.testcases.LoginPageTest@26275bef]" started-at="2022-02-17T19:40:59 IST" name="verifyFRpage" finished-at="2022-02-17T19:41:02 IST" duration-ms="2884" status="PASS">
          <reporter-output>
          </reporter-output>
        </test-method> <!-- verifyFRpage -->
        <test-method is-config="true" signature="teardown()[pri:0, instance:com.evo.testcases.LoginPageTest@26275bef]" started-at="2022-02-17T19:41:02 IST" name="teardown" finished-at="2022-02-17T19:41:02 IST" duration-ms="185" status="PASS">
          <reporter-output>
          </reporter-output>
        </test-method> <!-- teardown -->
        <test-method is-config="true" signature="launchBrowser(java.lang.String)[pri:0, instance:com.evo.testcases.LoginPageTest@26275bef]" started-at="2022-02-17T19:41:02 IST" name="launchBrowser" finished-at="2022-02-17T19:41:06 IST" duration-ms="3643" status="PASS">
          <params>
            <param index="0">
              <value>
                <![CDATA[chrome]]>
              </value>
            </param>
          </params>
          <reporter-output>
          </reporter-output>
        </test-method> <!-- launchBrowser -->
        <test-method signature="loginCheck()[pri:4, instance:com.evo.testcases.LoginPageTest@26275bef]" started-at="2022-02-17T19:41:06 IST" name="loginCheck" finished-at="2022-02-17T19:41:13 IST" duration-ms="6756" status="PASS">
          <reporter-output>
          </reporter-output>
        </test-method> <!-- loginCheck -->
        <test-method is-config="true" signature="teardown()[pri:0, instance:com.evo.testcases.LoginPageTest@26275bef]" started-at="2022-02-17T19:41:13 IST" name="teardown" finished-at="2022-02-17T19:41:13 IST" duration-ms="204" status="PASS">
          <reporter-output>
          </reporter-output>
        </test-method> <!-- teardown -->
        <test-method is-config="true" signature="reportingend()[pri:0, instance:com.evo.testcases.LoginPageTest@26275bef]" started-at="2022-02-17T19:41:13 IST" name="reportingend" finished-at="2022-02-17T19:41:13 IST" duration-ms="320" status="PASS">
          <reporter-output>
          </reporter-output>
        </test-method> <!-- reportingend -->
      </class> <!-- com.evo.testcases.LoginPageTest -->
    </test> <!-- Normal_Test -->
  </suite> <!-- Suite -->
</testng-results>
