<?xml version="1.0" encoding="UTF-8"?>
<!-- Generated by org.testng.reporters.JUnitXMLReporter -->
<testsuite ignored="4" hostname="IB-SEZ-LAP-984" failures="0" tests="10" name="All_Test" time="145.247" errors="0" timestamp="2022-02-28T11:06:43 IST">
  <testcase classname="com.evo.testcases.LoginPageTest" name="verifyENpage" time="1.523"/>
  <testcase classname="com.evo.testcases.LoginPageTest" name="verifyARpage" time="9.019"/>
  <testcase classname="com.evo.testcases.LoginPageTest" name="verifyFRpage" time="7.285"/>
  <testcase classname="com.evo.testcases.LoginPageTest" name="verifyLogin" time="6.939"/>
  <testcase classname="com.evo.testcases.DashboardPageTest" name="clickWidgetviewTest" time="2.605"/>
  <testcase classname="com.evo.testcases.DashboardPageTest" name="verfyFirstWidgetTest" time="3.415"/>
  <testcase classname="com.evo.testcases.DashboardPageTest" name="verifySecondWidgetTest" time="3.215"/>
  <testcase classname="com.evo.testcases.DashboardPageTest" name="verifyThirdWidgetTest" time="5.871"/>
  <testcase classname="com.evo.testcases.DashboardPageTest" name="verifyFourthWidgetTest" time="3.438"/>
  <testcase classname="com.evo.testcases.DashboardPageTest" name="verifyFifthWidgetTest" time="2.355"/>
  <testcase classname="com.evo.base.BaseClass" name="@AfterSuite reportingend" time="0.0">
    <ignored/>
  </testcase> <!-- @AfterSuite reportingend -->
  <testcase classname="com.evo.base.BaseClass" name="@BeforeSuite loadconfig" time="0.0">
    <ignored/>
  </testcase> <!-- @BeforeSuite loadconfig -->
  <testcase classname="com.evo.base.BaseClass" name="@BeforeSuite reporting" time="0.0">
    <ignored/>
  </testcase> <!-- @BeforeSuite reporting -->
  <testcase classname="com.evo.base.BaseClass" name="@BeforeSuite logs" time="0.0">
    <ignored/>
  </testcase> <!-- @BeforeSuite logs -->
</testsuite> <!-- All_Test -->
