<?xml version="1.0" encoding="UTF-8"?>
<!-- Generated by org.testng.reporters.JUnitXMLReporter -->
<testsuite ignored="4" hostname="IB-SEZ-LAP-984" failures="0" tests="10" name="All_Test" time="148.306" errors="0" timestamp="2022-02-28T14:42:32 IST">
  <testcase classname="com.evo.testcases.LoginPageTest" name="verifyENpage" time="1.371"/>
  <testcase classname="com.evo.testcases.LoginPageTest" name="verifyARpage" time="9.908"/>
  <testcase classname="com.evo.testcases.LoginPageTest" name="verifyFRpage" time="9.677"/>
  <testcase classname="com.evo.testcases.LoginPageTest" name="verifyLogin" time="10.532"/>
  <testcase classname="com.evo.testcases.DashboardPageTest" name="clickWidgetviewTest" time="2.388"/>
  <testcase classname="com.evo.testcases.DashboardPageTest" name="verfyFirstWidgetTest" time="9.858"/>
  <testcase classname="com.evo.testcases.DashboardPageTest" name="verifySecondWidgetTest" time="2.529"/>
  <testcase classname="com.evo.testcases.DashboardPageTest" name="verifyThirdWidgetTest" time="3.389"/>
  <testcase classname="com.evo.testcases.DashboardPageTest" name="verifyFourthWidgetTest" time="2.837"/>
  <testcase classname="com.evo.testcases.DashboardPageTest" name="verifyFifthWidgetTest" time="2.408"/>
  <testcase classname="com.evo.base.BaseClass" name="@AfterSuite reportingend" time="0.0">
    <ignored/>
  </testcase> <!-- @AfterSuite reportingend -->
  <testcase classname="com.evo.base.BaseClass" name="@BeforeSuite loadconfig" time="0.0">
    <ignored/>
  </testcase> <!-- @BeforeSuite loadconfig -->
  <testcase classname="com.evo.base.BaseClass" name="@BeforeSuite reporting" time="0.0">
    <ignored/>
  </testcase> <!-- @BeforeSuite reporting -->
  <testcase classname="com.evo.base.BaseClass" name="@BeforeSuite logs" time="0.0">
    <ignored/>
  </testcase> <!-- @BeforeSuite logs -->
</testsuite> <!-- All_Test -->
