<?xml version="1.0" encoding="UTF-8"?>
<!-- Generated by org.testng.reporters.JUnitXMLReporter -->
<testsuite ignored="0" hostname="IB-SEZ-LAP-984" failures="0" tests="4" name="Chrome_Test" time="29.584" errors="0" timestamp="2022-02-17T14:52:41 IST">
  <testcase classname="com.evo.testcases.LoginPageTest" name="verifyENpage" time="0.805"/>
  <testcase classname="com.evo.testcases.LoginPageTest" name="verifyARpage" time="2.514"/>
  <testcase classname="com.evo.testcases.LoginPageTest" name="verifyFRpage" time="2.631"/>
  <testcase classname="com.evo.testcases.LoginPageTest" name="loginCheck" time="6.459"/>
</testsuite> <!-- Chrome_Test -->
