<?xml version="1.0" encoding="UTF-8"?>
<!-- Generated by org.testng.reporters.JUnitXMLReporter -->
<testsuite ignored="0" hostname="IB-SEZ-LAP-984" failures="0" tests="4" name="Edge_Test" time="34.358" errors="0" timestamp="2022-02-17T14:53:53 IST">
  <testcase classname="com.evo.testcases.LoginPageTest" name="verifyENpage" time="0.787"/>
  <testcase classname="com.evo.testcases.LoginPageTest" name="verifyARpage" time="2.805"/>
  <testcase classname="com.evo.testcases.LoginPageTest" name="verifyFRpage" time="2.912"/>
  <testcase classname="com.evo.testcases.LoginPageTest" name="loginCheck" time="6.491"/>
</testsuite> <!-- Edge_Test -->
