<?xml version="1.0" encoding="UTF-8"?>
<!-- Generated by org.testng.reporters.JUnitXMLReporter -->
<testsuite ignored="0" hostname="IB-SEZ-LAP-984" failures="0" tests="4" name="Normal_Test" time="35.275" errors="0" timestamp="2022-02-23T14:23:43 IST">
  <testcase classname="com.evo.testcases.LoginPageTest" name="verifyENpage" time="0.876"/>
  <testcase classname="com.evo.testcases.LoginPageTest" name="verifyARpage" time="8.711"/>
  <testcase classname="com.evo.testcases.LoginPageTest" name="verifyFRpage" time="2.212"/>
  <testcase classname="com.evo.testcases.LoginPageTest" name="verifyLogin" time="7.573"/>
</testsuite> <!-- Normal_Test -->
