<?xml version="1.0" encoding="UTF-8"?>
<!-- Generated by org.testng.reporters.JUnitXMLReporter -->
<testsuite ignored="0" hostname="IB-SEZ-LAP-984" failures="0" tests="4" name="Normal_Test" time="28.815" errors="0" timestamp="2022-02-18T13:33:28 IST">
  <testcase classname="com.evo.testcases.LoginPageTest" name="verifyENpage" time="0.854"/>
  <testcase classname="com.evo.testcases.LoginPageTest" name="verifyARpage" time="2.982"/>
  <testcase classname="com.evo.testcases.LoginPageTest" name="verifyFRpage" time="2.874"/>
  <testcase classname="com.evo.testcases.LoginPageTest" name="loginCheck" time="6.476"/>
</testsuite> <!-- Normal_Test -->
