<?xml version="1.0" encoding="UTF-8"?>
<!-- Generated by org.testng.reporters.JUnitXMLReporter -->
<testsuite ignored="0" hostname="IB-SEZ-LAP-984" failures="0" tests="4" name="Regression_Test" time="35.437" errors="0" timestamp="2022-02-22T16:06:15 IST">
  <testcase classname="com.evo.testcases.LoginPageTest" name="verifyARpage" time="5.874"/>
  <testcase classname="com.evo.testcases.LoginPageTest" name="verifyENpage" time="0.791"/>
  <testcase classname="com.evo.testcases.LoginPageTest" name="verifyFRpage" time="4.91"/>
  <testcase classname="com.evo.testcases.LoginPageTest" name="verifyLogin" time="8.063"/>
</testsuite> <!-- Regression_Test -->
