<?xml version="1.0" encoding="UTF-8"?>
<!-- Generated by org.testng.reporters.JUnitXMLReporter -->
<testsuite ignored="0" hostname="IB-SEZ-LAP-984" failures="0" tests="4" name="Smoke_Test" time="27.331" errors="0" timestamp="2022-02-17T14:56:50 IST">
  <testcase classname="com.evo.testcases.LoginPageTest" name="loginCheck" time="6.422"/>
  <testcase classname="com.evo.testcases.LoginPageTest" name="verifyARpage" time="3.402"/>
  <testcase classname="com.evo.testcases.LoginPageTest" name="verifyENpage" time="0.847"/>
  <testcase classname="com.evo.testcases.LoginPageTest" name="verifyFRpage" time="2.298"/>
</testsuite> <!-- Smoke_Test -->
