<?xml version="1.0" encoding="UTF-8"?>
<!-- Generated by org.testng.reporters.JUnitXMLReporter -->
<testsuite ignored="0" hostname="IB-SEZ-LAP-984" failures="0" tests="4" name="Test" time="38.257" errors="0" timestamp="2022-02-17T14:38:18 IST">
  <testcase classname="com.evo.testcases.LoginPageTest" name="verifyENpage" time="0.84"/>
  <testcase classname="com.evo.testcases.LoginPageTest" name="verifyARpage" time="5.02"/>
  <testcase classname="com.evo.testcases.LoginPageTest" name="verifyFRpage" time="4.989"/>
  <testcase classname="com.evo.testcases.LoginPageTest" name="loginCheck" time="7.701"/>
</testsuite> <!-- Test -->
