<?xml version="1.0" encoding="UTF-8"?>
<!-- Generated by org.testng.reporters.JUnitXMLReporter -->
<testsuite ignored="0" hostname="IB-SEZ-LAP-984" failures="0" tests="4" name="Chrome_Test" time="27.92" errors="0" timestamp="2022-02-22T16:28:02 IST">
  <testcase classname="com.evo.testcases.LoginPageTest" name="verifyARpage" time="2.28"/>
  <testcase classname="com.evo.testcases.LoginPageTest" name="verifyENpage" time="0.781"/>
  <testcase classname="com.evo.testcases.LoginPageTest" name="verifyFRpage" time="2.087"/>
  <testcase classname="com.evo.testcases.LoginPageTest" name="verifyLogin" time="7.868"/>
</testsuite> <!-- Chrome_Test -->
