<?xml version="1.0" encoding="UTF-8"?>
<!-- Generated by org.testng.reporters.JUnitXMLReporter -->
<testsuite ignored="0" hostname="IB-SEZ-LAP-984" failures="0" tests="4" name="Edge_Test" time="28.627" errors="0" timestamp="2022-02-22T16:29:33 IST">
  <testcase classname="com.evo.testcases.LoginPageTest" name="verifyARpage" time="1.828"/>
  <testcase classname="com.evo.testcases.LoginPageTest" name="verifyENpage" time="0.8"/>
  <testcase classname="com.evo.testcases.LoginPageTest" name="verifyFRpage" time="1.847"/>
  <testcase classname="com.evo.testcases.LoginPageTest" name="verifyLogin" time="7.55"/>
</testsuite> <!-- Edge_Test -->
